<?xml version="1.0" encoding="UTF-8"?>
<!-- Generated by org.testng.reporters.JUnitXMLReporter -->
<testsuite ignored="0" hostname="DESKTOP-JA79ESH" failures="0" tests="3" name="EcommerceTest" time="80.38" errors="0" timestamp="03 Dec 2022 07:13:41 GMT">
  <testcase classname="TestPackage.FirstTest" name="Loginmethod" time="12.583"/>
  <testcase classname="TestPackage.FirstTest" name="ProductSelectionmethod" time="14.244"/>
  <testcase classname="TestPackage.FirstTest" name="LogoutMethod" time="6.251"/>
</testsuite> <!-- EcommerceTest -->
