<?xml version="1.0" encoding="UTF-8"?>
<testng-results ignored="0" total="3" passed="3" failed="0" skipped="0">
  <reporter-output>
  </reporter-output>
  <suite started-at="2022-12-03T07:12:20Z" name="EcommerceSuite" finished-at="2022-12-03T07:13:40Z" duration-ms="80380">
    <groups>
    </groups>
    <test started-at="2022-12-03T07:12:20Z" name="EcommerceTest" finished-at="2022-12-03T07:13:40Z" duration-ms="80380">
      <class name="TestPackage.FirstTest">
        <test-method is-config="true" signature="setfilename()[pri:0, instance:TestPackage.FirstTest@3d3e5463]" started-at="2022-12-03T07:12:20Z" name="setfilename" finished-at="2022-12-03T07:12:20Z" duration-ms="24" status="PASS">
          <reporter-output>
          </reporter-output>
        </test-method> <!-- setfilename -->
        <test-method is-config="true" signature="openbrowser()[pri:0, instance:TestPackage.FirstTest@3d3e5463]" started-at="2022-12-03T07:12:20Z" name="openbrowser" finished-at="2022-12-03T07:12:58Z" duration-ms="37667" status="PASS">
          <reporter-output>
          </reporter-output>
        </test-method> <!-- openbrowser -->
        <test-method signature="Loginmethod(java.lang.String, java.lang.String)[pri:1, instance:TestPackage.FirstTest@3d3e5463]" started-at="2022-12-03T07:13:04Z" name="Loginmethod" data-provider="exread" finished-at="2022-12-03T07:13:16Z" duration-ms="12583" status="PASS">
          <params>
            <param index="0">
              <value>
                <![CDATA[standard_user]]>
              </value>
            </param>
            <param index="1">
              <value>
                <![CDATA[secret_sauce]]>
              </value>
            </param>
          </params>
          <reporter-output>
          </reporter-output>
        </test-method> <!-- Loginmethod -->
        <test-method signature="ProductSelectionmethod()[pri:2, instance:TestPackage.FirstTest@3d3e5463]" started-at="2022-12-03T07:13:16Z" name="ProductSelectionmethod" finished-at="2022-12-03T07:13:31Z" duration-ms="14244" status="PASS">
          <reporter-output>
          </reporter-output>
        </test-method> <!-- ProductSelectionmethod -->
        <test-method signature="LogoutMethod()[pri:3, instance:TestPackage.FirstTest@3d3e5463]" started-at="2022-12-03T07:13:31Z" name="LogoutMethod" finished-at="2022-12-03T07:13:37Z" duration-ms="6251" status="PASS">
          <reporter-output>
          </reporter-output>
        </test-method> <!-- LogoutMethod -->
        <test-method is-config="true" signature="closebrowser()[pri:0, instance:TestPackage.FirstTest@3d3e5463]" started-at="2022-12-03T07:13:37Z" name="closebrowser" finished-at="2022-12-03T07:13:40Z" duration-ms="3377" status="PASS">
          <reporter-output>
          </reporter-output>
        </test-method> <!-- closebrowser -->
      </class> <!-- TestPackage.FirstTest -->
    </test> <!-- EcommerceTest -->
  </suite> <!-- EcommerceSuite -->
</testng-results>
